2021-08-02 14:37:46 TRACE CassandraUtil:16 - Establishing connection with Cassandra
2021-08-02 14:39:25 TRACE CassandraUtil:16 - Establishing connection with Cassandra
2021-08-02 14:39:28 ERROR CassandraUtil:21 - Method threw exception: java.lang.IllegalArgumentException: Error instantiating class DefaultSslEngineFactory (specified by advanced.ssl-engine-factory.class): Cannot initialize SSL Context
2021-08-02 14:39:28 WARN  CassandraUtil:23 - com.datastax.oss.driver.internal.core.util.Reflection.buildFromConfig(Reflection.java:253)
2021-08-02 14:39:28 WARN  CassandraUtil:23 - com.datastax.oss.driver.internal.core.util.Reflection.buildFromConfig(Reflection.java:108)
2021-08-02 14:39:28 WARN  CassandraUtil:23 - com.datastax.oss.driver.internal.core.context.DefaultDriverContext.buildSslEngineFactory(DefaultDriverContext.java:409)
2021-08-02 14:39:28 WARN  CassandraUtil:23 - com.datastax.oss.driver.internal.core.context.DefaultDriverContext.lambda$new$4(DefaultDriverContext.java:277)
2021-08-02 14:39:28 WARN  CassandraUtil:23 - com.datastax.oss.driver.internal.core.util.concurrent.LazyReference.get(LazyReference.java:55)
2021-08-02 14:39:28 WARN  CassandraUtil:23 - com.datastax.oss.driver.internal.core.context.DefaultDriverContext.getSslEngineFactory(DefaultDriverContext.java:727)
2021-08-02 14:39:28 WARN  CassandraUtil:23 - com.datastax.oss.driver.internal.core.context.DefaultDriverContext.buildSslHandlerFactory(DefaultDriverContext.java:464)
2021-08-02 14:39:28 WARN  CassandraUtil:23 - com.datastax.oss.driver.internal.core.util.concurrent.LazyReference.get(LazyReference.java:55)
2021-08-02 14:39:28 WARN  CassandraUtil:23 - com.datastax.oss.driver.internal.core.context.DefaultDriverContext.getSslHandlerFactory(DefaultDriverContext.java:793)
2021-08-02 14:39:28 WARN  CassandraUtil:23 - com.datastax.oss.driver.internal.core.session.DefaultSession$SingleThreaded.init(DefaultSession.java:348)
2021-08-02 14:39:28 WARN  CassandraUtil:23 - com.datastax.oss.driver.internal.core.session.DefaultSession$SingleThreaded.access$1100(DefaultSession.java:300)
2021-08-02 14:39:28 WARN  CassandraUtil:23 - com.datastax.oss.driver.internal.core.session.DefaultSession.lambda$init$0(DefaultSession.java:146)
2021-08-02 14:39:28 WARN  CassandraUtil:23 - io.netty.util.concurrent.PromiseTask.runTask(PromiseTask.java:98)
2021-08-02 14:39:28 WARN  CassandraUtil:23 - io.netty.util.concurrent.PromiseTask.run(PromiseTask.java:106)
2021-08-02 14:39:28 WARN  CassandraUtil:23 - io.netty.channel.DefaultEventLoop.run(DefaultEventLoop.java:54)
2021-08-02 14:39:28 WARN  CassandraUtil:23 - io.netty.util.concurrent.SingleThreadEventExecutor$4.run(SingleThreadEventExecutor.java:989)
2021-08-02 14:39:28 WARN  CassandraUtil:23 - io.netty.util.internal.ThreadExecutorMap$2.run(ThreadExecutorMap.java:74)
2021-08-02 14:39:28 WARN  CassandraUtil:23 - io.netty.util.concurrent.FastThreadLocalRunnable.run(FastThreadLocalRunnable.java:30)
2021-08-02 14:39:28 WARN  CassandraUtil:23 - java.base/java.lang.Thread.run(Thread.java:831)
2021-08-02 17:36:51 TRACE CassandraUtil:16 - Establishing connection with Cassandra
2021-08-02 17:36:54 ERROR CassandraUtil:21 - Method threw exception: java.lang.IllegalArgumentException: Error instantiating class DefaultSslEngineFactory (specified by advanced.ssl-engine-factory.class): Cannot initialize SSL Context
2021-08-02 17:36:54 WARN  CassandraUtil:23 - com.datastax.oss.driver.internal.core.util.Reflection.buildFromConfig(Reflection.java:253)
2021-08-02 17:36:54 WARN  CassandraUtil:23 - com.datastax.oss.driver.internal.core.util.Reflection.buildFromConfig(Reflection.java:108)
2021-08-02 17:36:54 WARN  CassandraUtil:23 - com.datastax.oss.driver.internal.core.context.DefaultDriverContext.buildSslEngineFactory(DefaultDriverContext.java:409)
2021-08-02 17:36:54 WARN  CassandraUtil:23 - com.datastax.oss.driver.internal.core.context.DefaultDriverContext.lambda$new$4(DefaultDriverContext.java:277)
2021-08-02 17:36:54 WARN  CassandraUtil:23 - com.datastax.oss.driver.internal.core.util.concurrent.LazyReference.get(LazyReference.java:55)
2021-08-02 17:36:54 WARN  CassandraUtil:23 - com.datastax.oss.driver.internal.core.context.DefaultDriverContext.getSslEngineFactory(DefaultDriverContext.java:727)
2021-08-02 17:36:54 WARN  CassandraUtil:23 - com.datastax.oss.driver.internal.core.context.DefaultDriverContext.buildSslHandlerFactory(DefaultDriverContext.java:464)
2021-08-02 17:36:54 WARN  CassandraUtil:23 - com.datastax.oss.driver.internal.core.util.concurrent.LazyReference.get(LazyReference.java:55)
2021-08-02 17:36:54 WARN  CassandraUtil:23 - com.datastax.oss.driver.internal.core.context.DefaultDriverContext.getSslHandlerFactory(DefaultDriverContext.java:793)
2021-08-02 17:36:54 WARN  CassandraUtil:23 - com.datastax.oss.driver.internal.core.session.DefaultSession$SingleThreaded.init(DefaultSession.java:348)
2021-08-02 17:36:54 WARN  CassandraUtil:23 - com.datastax.oss.driver.internal.core.session.DefaultSession$SingleThreaded.access$1100(DefaultSession.java:300)
2021-08-02 17:36:54 WARN  CassandraUtil:23 - com.datastax.oss.driver.internal.core.session.DefaultSession.lambda$init$0(DefaultSession.java:146)
2021-08-02 17:36:54 WARN  CassandraUtil:23 - io.netty.util.concurrent.PromiseTask.runTask(PromiseTask.java:98)
2021-08-02 17:36:54 WARN  CassandraUtil:23 - io.netty.util.concurrent.PromiseTask.run(PromiseTask.java:106)
2021-08-02 17:36:54 WARN  CassandraUtil:23 - io.netty.channel.DefaultEventLoop.run(DefaultEventLoop.java:54)
2021-08-02 17:36:54 WARN  CassandraUtil:23 - io.netty.util.concurrent.SingleThreadEventExecutor$4.run(SingleThreadEventExecutor.java:989)
2021-08-02 17:36:54 WARN  CassandraUtil:23 - io.netty.util.internal.ThreadExecutorMap$2.run(ThreadExecutorMap.java:74)
2021-08-02 17:36:54 WARN  CassandraUtil:23 - io.netty.util.concurrent.FastThreadLocalRunnable.run(FastThreadLocalRunnable.java:30)
2021-08-02 17:36:54 WARN  CassandraUtil:23 - java.base/java.lang.Thread.run(Thread.java:831)
2021-08-02 17:39:56 TRACE CassandraUtil:16 - Establishing connection with Cassandra
2021-08-02 17:39:57 ERROR CassandraUtil:21 - Method threw exception: com.datastax.oss.driver.api.core.AllNodesFailedException: Could not reach any contact point, make sure you've provided valid addresses (showing first 1 nodes, use getAllErrors() for more): Node(endPoint=cassandra.us-west-1.amazonaws.com/18.144.158.97:9142, hostId=null, hashCode=1fd92acc): [com.datastax.oss.driver.api.core.auth.AuthenticationException: Authentication error on node cassandra.us-west-1.amazonaws.com/18.144.158.97:9142: server replied with 'Provided username KyleBricker and/or password are incorrect' to AuthResponse request]
2021-08-02 17:39:57 WARN  CassandraUtil:23 - com.datastax.oss.driver.api.core.AllNodesFailedException.copy(AllNodesFailedException.java:141)
2021-08-02 17:39:57 WARN  CassandraUtil:23 - com.datastax.oss.driver.internal.core.util.concurrent.CompletableFutures.getUninterruptibly(CompletableFutures.java:149)
2021-08-02 17:39:57 WARN  CassandraUtil:23 - com.datastax.oss.driver.api.core.session.SessionBuilder.build(SessionBuilder.java:773)
2021-08-02 17:39:57 WARN  CassandraUtil:23 - com.revature.util.CassandraUtil.<init>(CassandraUtil.java:19)
2021-08-02 17:39:57 WARN  CassandraUtil:23 - com.revature.util.CassandraUtil.getInstance(CassandraUtil.java:31)
2021-08-02 17:39:57 WARN  CassandraUtil:23 - com.revature.data.UserDAO.<init>(UserDAO.java:12)
2021-08-02 17:39:57 WARN  CassandraUtil:23 - com.revature.services.UserService.<init>(UserService.java:11)
2021-08-02 17:39:57 WARN  CassandraUtil:23 - com.revature.controllers.UserController.<init>(UserController.java:15)
2021-08-02 17:39:57 WARN  CassandraUtil:23 - com.revature.Driver.javalin(Driver.java:42)
2021-08-02 17:39:57 WARN  CassandraUtil:23 - com.revature.Driver.main(Driver.java:14)
2021-08-02 17:40:39 TRACE CassandraUtil:16 - Establishing connection with Cassandra
2021-08-02 17:40:41 ERROR CassandraUtil:21 - Method threw exception: com.datastax.oss.driver.api.core.AllNodesFailedException: Could not reach any contact point, make sure you've provided valid addresses (showing first 1 nodes, use getAllErrors() for more): Node(endPoint=cassandra.us-west-1.amazonaws.com/18.144.158.97:9142, hostId=null, hashCode=99c1c2f): [com.datastax.oss.driver.api.core.auth.AuthenticationException: Authentication error on node cassandra.us-west-1.amazonaws.com/18.144.158.97:9142: server replied with 'Provided username KyleBricker and/or password are incorrect' to AuthResponse request]
2021-08-02 17:40:41 WARN  CassandraUtil:23 - com.datastax.oss.driver.api.core.AllNodesFailedException.copy(AllNodesFailedException.java:141)
2021-08-02 17:40:41 WARN  CassandraUtil:23 - com.datastax.oss.driver.internal.core.util.concurrent.CompletableFutures.getUninterruptibly(CompletableFutures.java:149)
2021-08-02 17:40:41 WARN  CassandraUtil:23 - com.datastax.oss.driver.api.core.session.SessionBuilder.build(SessionBuilder.java:773)
2021-08-02 17:40:41 WARN  CassandraUtil:23 - com.revature.util.CassandraUtil.<init>(CassandraUtil.java:19)
2021-08-02 17:40:41 WARN  CassandraUtil:23 - com.revature.util.CassandraUtil.getInstance(CassandraUtil.java:31)
2021-08-02 17:40:41 WARN  CassandraUtil:23 - com.revature.data.UserDAO.<init>(UserDAO.java:12)
2021-08-02 17:40:41 WARN  CassandraUtil:23 - com.revature.services.UserService.<init>(UserService.java:11)
2021-08-02 17:40:41 WARN  CassandraUtil:23 - com.revature.controllers.UserController.<init>(UserController.java:15)
2021-08-02 17:40:41 WARN  CassandraUtil:23 - com.revature.Driver.javalin(Driver.java:42)
2021-08-02 17:40:41 WARN  CassandraUtil:23 - com.revature.Driver.main(Driver.java:14)
2021-08-02 17:42:35 TRACE CassandraUtil:16 - Establishing connection with Cassandra
2021-08-02 17:42:37 ERROR CassandraUtil:21 - Method threw exception: com.datastax.oss.driver.api.core.AllNodesFailedException: Could not reach any contact point, make sure you've provided valid addresses (showing first 1 nodes, use getAllErrors() for more): Node(endPoint=cassandra.us-west-1.amazonaws.com/18.144.158.92:9142, hostId=null, hashCode=99c1c2f): [com.datastax.oss.driver.api.core.auth.AuthenticationException: Authentication error on node cassandra.us-west-1.amazonaws.com/18.144.158.92:9142: server replied with 'Provided username kylejbricker@yahoo.com and/or password are incorrect' to AuthResponse request]
2021-08-02 17:42:37 WARN  CassandraUtil:23 - com.datastax.oss.driver.api.core.AllNodesFailedException.copy(AllNodesFailedException.java:141)
2021-08-02 17:42:37 WARN  CassandraUtil:23 - com.datastax.oss.driver.internal.core.util.concurrent.CompletableFutures.getUninterruptibly(CompletableFutures.java:149)
2021-08-02 17:42:37 WARN  CassandraUtil:23 - com.datastax.oss.driver.api.core.session.SessionBuilder.build(SessionBuilder.java:773)
2021-08-02 17:42:37 WARN  CassandraUtil:23 - com.revature.util.CassandraUtil.<init>(CassandraUtil.java:19)
2021-08-02 17:42:37 WARN  CassandraUtil:23 - com.revature.util.CassandraUtil.getInstance(CassandraUtil.java:31)
2021-08-02 17:42:37 WARN  CassandraUtil:23 - com.revature.data.UserDAO.<init>(UserDAO.java:12)
2021-08-02 17:42:37 WARN  CassandraUtil:23 - com.revature.services.UserService.<init>(UserService.java:11)
2021-08-02 17:42:37 WARN  CassandraUtil:23 - com.revature.controllers.UserController.<init>(UserController.java:15)
2021-08-02 17:42:37 WARN  CassandraUtil:23 - com.revature.Driver.javalin(Driver.java:42)
2021-08-02 17:42:37 WARN  CassandraUtil:23 - com.revature.Driver.main(Driver.java:14)
2021-08-02 17:52:29 TRACE CassandraUtil:16 - Establishing connection with Cassandra
2021-08-02 17:52:31 ERROR CassandraUtil:21 - Method threw exception: com.datastax.oss.driver.api.core.AllNodesFailedException: Could not reach any contact point, make sure you've provided valid addresses (showing first 1 nodes, use getAllErrors() for more): Node(endPoint=cassandra.us-west-1.amazonaws.com/18.144.158.96:9142, hostId=null, hashCode=99c1c2f): [com.datastax.oss.driver.api.core.auth.AuthenticationException: Authentication error on node cassandra.us-west-1.amazonaws.com/18.144.158.96:9142: server replied with 'Provided username KyleBricker and/or password are incorrect' to AuthResponse request]
2021-08-02 17:52:31 WARN  CassandraUtil:23 - com.datastax.oss.driver.api.core.AllNodesFailedException.copy(AllNodesFailedException.java:141)
2021-08-02 17:52:31 WARN  CassandraUtil:23 - com.datastax.oss.driver.internal.core.util.concurrent.CompletableFutures.getUninterruptibly(CompletableFutures.java:149)
2021-08-02 17:52:31 WARN  CassandraUtil:23 - com.datastax.oss.driver.api.core.session.SessionBuilder.build(SessionBuilder.java:773)
2021-08-02 17:52:31 WARN  CassandraUtil:23 - com.revature.util.CassandraUtil.<init>(CassandraUtil.java:19)
2021-08-02 17:52:31 WARN  CassandraUtil:23 - com.revature.util.CassandraUtil.getInstance(CassandraUtil.java:31)
2021-08-02 17:52:31 WARN  CassandraUtil:23 - com.revature.data.UserDAO.<init>(UserDAO.java:12)
2021-08-02 17:52:31 WARN  CassandraUtil:23 - com.revature.services.UserService.<init>(UserService.java:11)
2021-08-02 17:52:31 WARN  CassandraUtil:23 - com.revature.controllers.UserController.<init>(UserController.java:15)
2021-08-02 17:52:31 WARN  CassandraUtil:23 - com.revature.Driver.javalin(Driver.java:42)
2021-08-02 17:52:31 WARN  CassandraUtil:23 - com.revature.Driver.main(Driver.java:14)
2021-08-02 17:53:16 TRACE CassandraUtil:16 - Establishing connection with Cassandra
2021-08-03 07:30:30 TRACE CassandraUtil:16 - Establishing connection with Cassandra
2021-08-03 07:32:08 TRACE CassandraUtil:16 - Establishing connection with Cassandra
2021-08-03 12:38:41 TRACE CassandraUtil:16 - Establishing connection with Cassandra
2021-08-03 12:41:55 TRACE CassandraUtil:16 - Establishing connection with Cassandra
2021-08-03 12:45:13 TRACE CassandraUtil:16 - Establishing connection with Cassandra
2021-08-03 12:45:30 TRACE CassandraUtil:16 - Establishing connection with Cassandra
2021-08-03 12:54:48 TRACE CassandraUtil:16 - Establishing connection with Cassandra
2021-08-03 13:03:11 TRACE CassandraUtil:16 - Establishing connection with Cassandra
2021-08-03 17:22:41 TRACE CassandraUtil:16 - Establishing connection with Cassandra
2021-08-03 17:28:42 TRACE CassandraUtil:16 - Establishing connection with Cassandra
2021-08-03 17:32:33 TRACE CassandraUtil:16 - Establishing connection with Cassandra
2021-08-03 17:33:58 TRACE CassandraUtil:16 - Establishing connection with Cassandra
2021-08-03 17:35:31 TRACE CassandraUtil:16 - Establishing connection with Cassandra
2021-08-03 17:38:21 TRACE CassandraUtil:16 - Establishing connection with Cassandra
2021-08-03 17:42:56 TRACE CassandraUtil:16 - Establishing connection with Cassandra
2021-08-03 17:43:32 TRACE CassandraUtil:16 - Establishing connection with Cassandra
2021-08-04 11:49:19 TRACE CassandraUtil:16 - Establishing connection with Cassandra
2021-08-04 12:01:20 TRACE CassandraUtil:16 - Establishing connection with Cassandra
2021-08-04 12:01:51 TRACE CassandraUtil:16 - Establishing connection with Cassandra
2021-08-04 12:02:10 TRACE CassandraUtil:16 - Establishing connection with Cassandra
2021-08-04 12:28:04 TRACE CassandraUtil:16 - Establishing connection with Cassandra
2021-08-04 12:33:20 TRACE CassandraUtil:16 - Establishing connection with Cassandra
2021-08-04 12:37:42 TRACE CassandraUtil:16 - Establishing connection with Cassandra
2021-08-04 12:42:48 TRACE CassandraUtil:16 - Establishing connection with Cassandra
2021-08-04 17:44:06 TRACE CassandraUtil:16 - Establishing connection with Cassandra
2021-08-04 17:44:37 TRACE CassandraUtil:16 - Establishing connection with Cassandra
2021-08-04 17:45:29 TRACE CassandraUtil:16 - Establishing connection with Cassandra
2021-08-04 17:46:12 TRACE CassandraUtil:16 - Establishing connection with Cassandra
2021-08-04 17:47:44 TRACE CassandraUtil:16 - Establishing connection with Cassandra
2021-08-05 10:33:39 TRACE CassandraUtil:16 - Establishing connection with Cassandra
2021-08-05 10:41:03 TRACE CassandraUtil:16 - Establishing connection with Cassandra
2021-08-05 10:46:30 TRACE CassandraUtil:16 - Establishing connection with Cassandra
2021-08-05 10:48:26 TRACE CassandraUtil:16 - Establishing connection with Cassandra
2021-08-07 13:02:42 TRACE CassandraUtil:16 - Establishing connection with Cassandra
2021-08-07 13:04:25 TRACE CassandraUtil:16 - Establishing connection with Cassandra
2021-08-07 13:07:07 TRACE CassandraUtil:16 - Establishing connection with Cassandra
2021-08-07 13:09:18 TRACE CassandraUtil:16 - Establishing connection with Cassandra
2021-08-07 13:10:53 TRACE CassandraUtil:16 - Establishing connection with Cassandra
2021-08-07 13:11:48 TRACE CassandraUtil:16 - Establishing connection with Cassandra
2021-08-07 13:12:53 TRACE CassandraUtil:16 - Establishing connection with Cassandra
2021-08-07 13:14:11 TRACE CassandraUtil:16 - Establishing connection with Cassandra
2021-08-07 13:15:07 TRACE CassandraUtil:16 - Establishing connection with Cassandra
2021-08-07 13:16:54 TRACE CassandraUtil:16 - Establishing connection with Cassandra
2021-08-07 13:18:24 TRACE CassandraUtil:16 - Establishing connection with Cassandra
2021-08-07 13:23:08 TRACE CassandraUtil:16 - Establishing connection with Cassandra
2021-08-07 13:38:34 TRACE CassandraUtil:16 - Establishing connection with Cassandra
2021-08-07 13:39:20 TRACE CassandraUtil:16 - Establishing connection with Cassandra
2021-08-07 13:44:06 TRACE CassandraUtil:16 - Establishing connection with Cassandra
2021-08-07 13:46:55 TRACE CassandraUtil:16 - Establishing connection with Cassandra
2021-08-07 13:49:19 TRACE CassandraUtil:16 - Establishing connection with Cassandra
2021-08-07 13:52:36 TRACE CassandraUtil:16 - Establishing connection with Cassandra
2021-08-07 13:54:26 TRACE CassandraUtil:16 - Establishing connection with Cassandra
2021-08-07 14:00:28 TRACE CassandraUtil:16 - Establishing connection with Cassandra
2021-08-07 14:02:38 TRACE CassandraUtil:16 - Establishing connection with Cassandra
2021-08-07 14:03:21 TRACE CassandraUtil:16 - Establishing connection with Cassandra
2021-08-07 14:04:29 TRACE CassandraUtil:16 - Establishing connection with Cassandra
2021-08-07 14:05:26 TRACE CassandraUtil:16 - Establishing connection with Cassandra
2021-08-07 14:14:12 TRACE CassandraUtil:16 - Establishing connection with Cassandra
2021-08-07 14:16:05 TRACE CassandraUtil:16 - Establishing connection with Cassandra
2021-08-07 15:30:35 TRACE CassandraUtil:16 - Establishing connection with Cassandra
2021-08-07 15:31:37 TRACE CassandraUtil:16 - Establishing connection with Cassandra
2021-08-07 15:35:05 TRACE CassandraUtil:16 - Establishing connection with Cassandra
2021-08-07 15:36:31 TRACE CassandraUtil:16 - Establishing connection with Cassandra
2021-08-07 15:42:20 TRACE CassandraUtil:16 - Establishing connection with Cassandra
2021-08-07 15:44:09 TRACE CassandraUtil:16 - Establishing connection with Cassandra
2021-08-07 22:32:11 TRACE CassandraUtil:16 - Establishing connection with Cassandra
2021-08-07 22:33:50 TRACE CassandraUtil:16 - Establishing connection with Cassandra
2021-08-07 22:34:33 TRACE CassandraUtil:16 - Establishing connection with Cassandra
2021-08-07 22:34:59 TRACE CassandraUtil:16 - Establishing connection with Cassandra
2021-08-07 22:37:08 TRACE CassandraUtil:16 - Establishing connection with Cassandra
2021-08-07 22:38:19 DEBUG UserController:34 - {
    "name":"CEO"
}
2021-08-07 22:38:19 DEBUG UserController:36 - User [id=0, availableReimbursement=1000, name=CEO, supervisorId=null, headId=null, benCo=false, reimbursements=[]]
2021-08-07 22:39:16 TRACE CassandraUtil:16 - Establishing connection with Cassandra
2021-08-07 22:39:26 DEBUG UserController:34 - {
    "name":"CEO"
}
2021-08-07 22:39:26 DEBUG UserController:36 - User [id=0, availableReimbursement=1000, name=CEO, supervisorId=null, headId=null, benCo=false, reimbursements=[]]
2021-08-07 22:39:27 DEBUG UserController:39 - User [id=0, availableReimbursement=1000, name=CEO, supervisorId=null, headId=null, benCo=false, reimbursements=[]]
2021-08-07 22:40:56 TRACE CassandraUtil:16 - Establishing connection with Cassandra
2021-08-07 22:41:14 DEBUG UserController:34 - {
    "name":"CEO"
}
2021-08-07 22:41:14 DEBUG UserController:36 - User [id=0, availableReimbursement=1000, name=CEO, supervisorId=null, headId=null, benCo=false, reimbursements=[]]
2021-08-07 22:41:14 DEBUG UserController:39 - User [id=0, availableReimbursement=1000, name=CEO, supervisorId=null, headId=null, benCo=false, reimbursements=[]]
2021-08-07 22:42:13 DEBUG UserController:34 - {
    "name":"CEO"
}
2021-08-07 22:42:13 DEBUG UserController:36 - User [id=0, availableReimbursement=1000, name=CEO, supervisorId=null, headId=null, benCo=false, reimbursements=[]]
2021-08-07 22:42:13 DEBUG UserController:39 - User [id=0, availableReimbursement=1000, name=CEO, supervisorId=null, headId=null, benCo=false, reimbursements=[]]
2021-08-07 22:42:13 DEBUG UserController:34 - {
    "name":"CEO"
}
2021-08-07 22:42:13 DEBUG UserController:36 - User [id=0, availableReimbursement=1000, name=CEO, supervisorId=null, headId=null, benCo=false, reimbursements=[]]
2021-08-07 22:42:14 DEBUG UserController:39 - User [id=0, availableReimbursement=1000, name=CEO, supervisorId=null, headId=null, benCo=false, reimbursements=[]]
2021-08-08 15:05:42 TRACE CassandraUtil:16 - Establishing connection with Cassandra
2021-08-08 15:06:48 DEBUG UserController:46 - {
    "name":"CEO"
}
2021-08-08 15:06:48 DEBUG UserController:48 - User [id=0, availableReimbursement=1000, name=CEO, supervisorId=null, headId=null, benCo=false, reimbursements=[]]
2021-08-08 15:06:48 DEBUG UserController:51 - User [id=0, availableReimbursement=1000, name=CEO, supervisorId=null, headId=null, benCo=false, reimbursements=[]]
2021-08-08 15:09:20 TRACE CassandraUtil:16 - Establishing connection with Cassandra
2021-08-08 15:09:26 DEBUG UserController:46 - {
    "name":"CEO"
}
2021-08-08 15:09:26 DEBUG UserController:48 - User [id=0, availableReimbursement=1000, name=CEO, supervisorId=null, headId=null, benCo=false, reimbursements=[]]
2021-08-08 15:09:26 DEBUG UserController:51 - User [id=0, availableReimbursement=1000, name=CEO, supervisorId=null, headId=null, benCo=false, reimbursements=[]]
2021-08-08 15:14:25 TRACE CassandraUtil:16 - Establishing connection with Cassandra
2021-08-08 15:14:28 DEBUG UserController:46 - {
    "name":"CEO"
}
2021-08-08 15:14:28 DEBUG UserController:48 - User [id=0, availableReimbursement=1000, name=CEO, supervisorId=null, headId=null, benCo=false, reimbursements=[]]
2021-08-08 15:14:28 DEBUG UserController:51 - User [id=0, availableReimbursement=1000, name=CEO, supervisorId=null, headId=null, benCo=false, reimbursements=[]]
2021-08-08 15:23:07 TRACE CassandraUtil:16 - Establishing connection with Cassandra
2021-08-08 15:25:09 TRACE CassandraUtil:16 - Establishing connection with Cassandra
2021-08-08 15:25:54 DEBUG UserController:46 - {
    "name":"CEO"
}
2021-08-08 15:25:54 DEBUG UserController:48 - User [id=0, availableReimbursement=1000, name=CEO, supervisorId=null, headId=null, benCo=false, reimbursements=[]]
2021-08-08 15:25:54 DEBUG UserController:51 - User [id=0, availableReimbursement=1000, name=CEO, supervisorId=null, headId=null, benCo=false, reimbursements=[com.revature.models.Reimbursement@2aeda654]]
2021-08-08 15:26:38 TRACE CassandraUtil:16 - Establishing connection with Cassandra
2021-08-08 15:30:16 TRACE CassandraUtil:16 - Establishing connection with Cassandra
2021-08-08 15:30:54 TRACE CassandraUtil:16 - Establishing connection with Cassandra
2021-08-08 15:33:08 TRACE CassandraUtil:16 - Establishing connection with Cassandra
2021-08-08 15:33:57 DEBUG UserController:46 - {
    "name":"CEO"
}
2021-08-08 15:33:57 DEBUG UserController:48 - User [id=0, availableReimbursement=1000, name=CEO, supervisorId=null, headId=null, benCo=false, reimbursements=[]]
2021-08-08 15:33:57 DEBUG UserController:51 - User [id=0, availableReimbursement=1000, name=CEO, supervisorId=null, headId=null, benCo=true, reimbursements=[]]
2021-08-08 15:38:36 TRACE CassandraUtil:16 - Establishing connection with Cassandra
2021-08-08 15:40:08 TRACE CassandraUtil:16 - Establishing connection with Cassandra
2021-08-08 15:40:50 TRACE CassandraUtil:16 - Establishing connection with Cassandra
2021-08-08 15:42:11 TRACE CassandraUtil:16 - Establishing connection with Cassandra
2021-08-08 15:46:35 TRACE CassandraUtil:16 - Establishing connection with Cassandra
2021-08-08 15:46:38 DEBUG UserController:46 - {
    "name":"CEO"
}
2021-08-08 15:46:38 DEBUG UserController:48 - User [id=0, availableReimbursement=1000, name=CEO, supervisorId=null, headId=null, benCo=false, reimbursements=[]]
2021-08-08 15:46:38 DEBUG UserController:51 - User [id=0, availableReimbursement=500, name=CEO, supervisorId=null, headId=null, benCo=true, reimbursements=[com.revature.models.Reimbursement@1f29d8d6]]
2021-08-08 15:49:34 TRACE CassandraUtil:16 - Establishing connection with Cassandra
2021-08-08 15:49:45 DEBUG UserController:46 - {
    "name":"CEO"
}
2021-08-08 15:49:45 DEBUG UserController:48 - User [id=0, availableReimbursement=1000, name=CEO, supervisorId=null, headId=null, benCo=false, reimbursements=[]]
2021-08-08 15:49:45 DEBUG UserController:51 - User [id=0, availableReimbursement=500, name=CEO, supervisorId=null, headId=null, benCo=true, reimbursements=[com.revature.models.Reimbursement@4381dbbd]]
2021-08-08 15:52:27 TRACE CassandraUtil:16 - Establishing connection with Cassandra
2021-08-08 15:53:40 TRACE CassandraUtil:16 - Establishing connection with Cassandra
2021-08-08 15:54:02 DEBUG UserController:46 - {
    "name":"CEO"
}
2021-08-08 15:54:02 DEBUG UserController:48 - User [id=0, availableReimbursement=1000, name=CEO, supervisorId=null, headId=null, benCo=false, reimbursements=[]]
2021-08-08 15:54:02 DEBUG UserController:51 - User [id=0, availableReimbursement=500, name=CEO, supervisorId=null, headId=null, benCo=true, reimbursements=[com.revature.models.Reimbursement@1cc78c7e]]
2021-08-08 16:50:33 TRACE CassandraUtil:16 - Establishing connection with Cassandra
2021-08-08 16:52:46 TRACE CassandraUtil:16 - Establishing connection with Cassandra
2021-08-08 16:53:03 DEBUG UserController:46 - {
    "name":"CEO"
}
2021-08-08 16:53:03 DEBUG UserController:48 - User [id=null, availableReimbursement=1000, name=CEO, supervisorId=null, headId=null, benCo=false, reimbursements=[]]
2021-08-08 16:53:04 DEBUG UserController:51 - User [id=ac3d6075-e109-446c-b197-318b122c662a, availableReimbursement=1000, name=CEO, supervisorId=null, headId=null, benCo=false, reimbursements=[]]
2021-08-08 16:53:40 TRACE CassandraUtil:16 - Establishing connection with Cassandra
2021-08-08 16:53:46 DEBUG UserController:46 - {
    "name":"CEO"
}
2021-08-08 16:53:46 DEBUG UserController:48 - User [id=null, availableReimbursement=1000, name=CEO, supervisorId=null, headId=null, benCo=false, reimbursements=[]]
2021-08-08 16:53:46 DEBUG UserController:51 - User [id=ac3d6075-e109-446c-b197-318b122c662a, availableReimbursement=500, name=CEO, supervisorId=null, headId=null, benCo=false, reimbursements=[null]]
2021-08-08 16:54:15 DEBUG UserController:46 - {
    "name":"CEO"
}
2021-08-08 16:54:15 DEBUG UserController:48 - User [id=null, availableReimbursement=1000, name=CEO, supervisorId=null, headId=null, benCo=false, reimbursements=[]]
2021-08-08 16:54:15 DEBUG UserController:51 - User [id=ac3d6075-e109-446c-b197-318b122c662a, availableReimbursement=0, name=CEO, supervisorId=null, headId=null, benCo=false, reimbursements=[com.revature.models.Reimbursement@5381c21b]]
2021-08-08 16:55:13 TRACE CassandraUtil:16 - Establishing connection with Cassandra
2021-08-08 16:55:19 DEBUG UserController:46 - {
    "name":"CEO"
}
2021-08-08 16:55:19 DEBUG UserController:48 - User [id=null, availableReimbursement=1000, name=CEO, supervisorId=null, headId=null, benCo=false, reimbursements=[]]
2021-08-08 16:55:19 DEBUG UserController:51 - User [id=ac3d6075-e109-446c-b197-318b122c662a, availableReimbursement=0, name=CEO, supervisorId=null, headId=null, benCo=false, reimbursements=[com.revature.models.Reimbursement@5ae4ce7]]
2021-08-08 17:11:46 TRACE CassandraUtil:16 - Establishing connection with Cassandra
2021-08-08 17:13:15 TRACE CassandraUtil:16 - Establishing connection with Cassandra
2021-08-08 17:15:25 DEBUG UserController:46 - {
    "name":"CEO"
}
2021-08-08 17:15:25 DEBUG UserController:48 - User [id=null, availableReimbursement=1000, name=CEO, supervisorId=null, headId=null, benCo=false, reimbursements=[]]
2021-08-08 17:15:25 DEBUG UserController:51 - User [id=75d5038d-9f5a-45f2-9718-b1ceb253dfdf, availableReimbursement=1000, name=CEO, supervisorId=null, headId=null, benCo=false, reimbursements=[]]
2021-08-08 17:19:49 TRACE CassandraUtil:16 - Establishing connection with Cassandra
2021-08-08 17:21:17 TRACE CassandraUtil:16 - Establishing connection with Cassandra
2021-08-08 17:22:38 DEBUG UserController:46 - {
    "name":"Employee"
}
2021-08-08 17:22:38 DEBUG UserController:48 - User [id=null, availableReimbursement=1000, name=Employee, supervisorId=null, headId=null, benCo=false, reimbursements=[]]
2021-08-08 17:22:38 DEBUG UserController:51 - User [id=f0d4e5a7-79f6-4c32-ab75-9437da16e8c4, availableReimbursement=1000, name=Employee, supervisorId=f31b2ba6-33ad-4041-9c75-e8254cf7b1c8, headId=bb3d73d3-0b24-4fe8-91e9-9f69b4862781, benCo=false, reimbursements=[]]
2021-08-08 17:26:03 TRACE CassandraUtil:16 - Establishing connection with Cassandra
2021-08-08 17:26:46 TRACE CassandraUtil:16 - Establishing connection with Cassandra
2021-08-08 17:28:03 TRACE CassandraUtil:16 - Establishing connection with Cassandra
2021-08-08 17:28:26 DEBUG UserController:46 - {
    "name":"Employee"
}
2021-08-08 17:28:26 DEBUG UserController:48 - User [id=null, availableReimbursement=1000, name=Employee, supervisorId=null, headId=null, benCo=false, reimbursements=[]]
2021-08-08 17:28:26 DEBUG UserController:51 - User [id=1a78d826-dcd3-48cc-a923-ae0ae86aadc3, availableReimbursement=1000, name=Employee, supervisorId=30be83f9-7b5d-496b-b20e-60243df20b2b, headId=7b8ecc9f-8b42-446e-9b3a-58873c6e9d76, benCo=false, reimbursements=[]]
2021-08-08 17:28:45 DEBUG UserController:46 - {
    "name":"Employee"
}
2021-08-08 17:28:45 DEBUG UserController:48 - User [id=null, availableReimbursement=1000, name=Employee, supervisorId=null, headId=null, benCo=false, reimbursements=[]]
2021-08-08 17:28:45 DEBUG UserController:51 - User [id=1a78d826-dcd3-48cc-a923-ae0ae86aadc3, availableReimbursement=1000, name=Employee, supervisorId=30be83f9-7b5d-496b-b20e-60243df20b2b, headId=7b8ecc9f-8b42-446e-9b3a-58873c6e9d76, benCo=false, reimbursements=[]]
2021-08-08 17:32:13 TRACE CassandraUtil:16 - Establishing connection with Cassandra
2021-08-08 17:32:21 DEBUG UserController:46 - {
    "name":"Employee"
}
2021-08-08 17:32:21 DEBUG UserController:48 - User [id=null, availableReimbursement=1000, name=Employee, supervisorId=null, headId=null, benCo=false, reimbursements=[]]
2021-08-08 17:32:21 DEBUG UserController:51 - User [id=1a78d826-dcd3-48cc-a923-ae0ae86aadc3, availableReimbursement=500, name=Employee, supervisorId=30be83f9-7b5d-496b-b20e-60243df20b2b, headId=7b8ecc9f-8b42-446e-9b3a-58873c6e9d76, benCo=false, reimbursements=[com.revature.models.Reimbursement@41517206]]
2021-08-08 17:32:51 DEBUG UserController:46 - {
    "name":"Supervisor"
}
2021-08-08 17:32:51 DEBUG UserController:48 - User [id=null, availableReimbursement=1000, name=Supervisor, supervisorId=null, headId=null, benCo=false, reimbursements=[]]
2021-08-08 17:32:52 DEBUG UserController:51 - User [id=30be83f9-7b5d-496b-b20e-60243df20b2b, availableReimbursement=1000, name=Supervisor, supervisorId=7b8ecc9f-8b42-446e-9b3a-58873c6e9d76, headId=7b8ecc9f-8b42-446e-9b3a-58873c6e9d76, benCo=false, reimbursements=[]]
2021-08-08 17:33:12 DEBUG UserController:46 - {
    "name":"Employee"
}
2021-08-08 17:33:12 DEBUG UserController:48 - User [id=null, availableReimbursement=1000, name=Employee, supervisorId=null, headId=null, benCo=false, reimbursements=[]]
2021-08-08 17:33:12 DEBUG UserController:51 - User [id=1a78d826-dcd3-48cc-a923-ae0ae86aadc3, availableReimbursement=500, name=Employee, supervisorId=30be83f9-7b5d-496b-b20e-60243df20b2b, headId=7b8ecc9f-8b42-446e-9b3a-58873c6e9d76, benCo=false, reimbursements=[com.revature.models.Reimbursement@60f94e9e]]
2021-08-08 17:33:20 DEBUG UserController:46 - {
    "name":"Head"
}
2021-08-08 17:33:20 DEBUG UserController:48 - User [id=null, availableReimbursement=1000, name=Head, supervisorId=null, headId=null, benCo=false, reimbursements=[]]
2021-08-08 17:33:20 DEBUG UserController:51 - User [id=7b8ecc9f-8b42-446e-9b3a-58873c6e9d76, availableReimbursement=1000, name=Head, supervisorId=9fc92c9e-222a-467e-8514-6755add26afd, headId=7b8ecc9f-8b42-446e-9b3a-58873c6e9d76, benCo=false, reimbursements=[]]
2021-08-08 17:33:29 DEBUG UserController:46 - {
    "name":"Employee"
}
2021-08-08 17:33:29 DEBUG UserController:48 - User [id=null, availableReimbursement=1000, name=Employee, supervisorId=null, headId=null, benCo=false, reimbursements=[]]
2021-08-08 17:33:29 DEBUG UserController:51 - User [id=1a78d826-dcd3-48cc-a923-ae0ae86aadc3, availableReimbursement=500, name=Employee, supervisorId=30be83f9-7b5d-496b-b20e-60243df20b2b, headId=7b8ecc9f-8b42-446e-9b3a-58873c6e9d76, benCo=false, reimbursements=[com.revature.models.Reimbursement@8280237]]
2021-08-08 17:33:37 DEBUG UserController:46 - {
    "name":"BenCo"
}
2021-08-08 17:33:37 DEBUG UserController:48 - User [id=null, availableReimbursement=1000, name=BenCo, supervisorId=null, headId=null, benCo=false, reimbursements=[]]
2021-08-08 17:33:37 DEBUG UserController:51 - User [id=7312f0e7-ae46-4425-8971-ce0ded7a49e2, availableReimbursement=1000, name=BenCo, supervisorId=9fc92c9e-222a-467e-8514-6755add26afd, headId=7b8ecc9f-8b42-446e-9b3a-58873c6e9d76, benCo=true, reimbursements=[]]
2021-08-08 17:33:49 DEBUG UserController:46 - {
    "name":"Employee"
}
2021-08-08 17:33:49 DEBUG UserController:48 - User [id=null, availableReimbursement=1000, name=Employee, supervisorId=null, headId=null, benCo=false, reimbursements=[]]
2021-08-08 17:33:49 DEBUG UserController:51 - User [id=1a78d826-dcd3-48cc-a923-ae0ae86aadc3, availableReimbursement=500, name=Employee, supervisorId=30be83f9-7b5d-496b-b20e-60243df20b2b, headId=7b8ecc9f-8b42-446e-9b3a-58873c6e9d76, benCo=false, reimbursements=[com.revature.models.Reimbursement@37cfd322]]
2021-08-08 21:06:14 TRACE CassandraUtil:16 - Establishing connection with Cassandra
2021-08-08 21:07:43 TRACE CassandraUtil:16 - Establishing connection with Cassandra
2021-08-08 21:08:21 DEBUG UserController:46 - {
    "name":"Employee"
}
2021-08-08 21:08:22 DEBUG UserController:48 - User [id=null, availableReimbursement=1000, name=Employee, supervisorId=null, headId=null, benCo=false, reimbursements=[]]
2021-08-08 21:08:22 DEBUG UserController:51 - User [id=95b3dd4e-d6c6-4888-a4c7-18ecb8003619, availableReimbursement=1000, name=Employee, supervisorId=746c0d82-7fe2-4779-aa3b-19457537feaf, headId=1f873ee1-bb87-41b6-9141-edd5be594b0d, benCo=false, reimbursements=[]]
2021-08-08 21:13:37 TRACE CassandraUtil:16 - Establishing connection with Cassandra
2021-08-08 21:14:52 DEBUG UserController:46 - {
    "name":"Employee"
}
2021-08-08 21:14:52 DEBUG UserController:48 - User [id=null, availableReimbursement=1000, name=Employee, supervisorId=null, headId=null, benCo=false, reimbursements=[]]
2021-08-08 21:14:52 DEBUG UserController:51 - User [id=95b3dd4e-d6c6-4888-a4c7-18ecb8003619, availableReimbursement=500, name=Employee, supervisorId=746c0d82-7fe2-4779-aa3b-19457537feaf, headId=1f873ee1-bb87-41b6-9141-edd5be594b0d, benCo=false, reimbursements=[com.revature.models.Reimbursement@7b757578]]
2021-08-08 21:17:41 TRACE CassandraUtil:16 - Establishing connection with Cassandra
2021-08-08 21:17:58 DEBUG UserController:46 - {
    "name":"Employee"
}
2021-08-08 21:17:58 DEBUG UserController:48 - User [id=null, availableReimbursement=1000, name=Employee, supervisorId=null, headId=null, benCo=false, reimbursements=[]]
2021-08-08 21:17:58 DEBUG UserController:51 - User [id=95b3dd4e-d6c6-4888-a4c7-18ecb8003619, availableReimbursement=500, name=Employee, supervisorId=746c0d82-7fe2-4779-aa3b-19457537feaf, headId=1f873ee1-bb87-41b6-9141-edd5be594b0d, benCo=false, reimbursements=[com.revature.models.Reimbursement@41250338]]
2021-08-08 21:18:05 TRACE S3Util:37 - Uploading file as c1c47542-66eb-4243-8118-93f5c24a40ec.txt
2021-08-08 21:28:10 TRACE CassandraUtil:16 - Establishing connection with Cassandra
2021-08-08 21:28:21 DEBUG UserController:46 - {
    "name":"Employee"
}
2021-08-08 21:28:21 DEBUG UserController:48 - User [id=null, availableReimbursement=1000, name=Employee, supervisorId=null, headId=null, benCo=false, reimbursements=[]]
2021-08-08 21:28:22 DEBUG UserController:51 - User [id=95b3dd4e-d6c6-4888-a4c7-18ecb8003619, availableReimbursement=500, name=Employee, supervisorId=746c0d82-7fe2-4779-aa3b-19457537feaf, headId=1f873ee1-bb87-41b6-9141-edd5be594b0d, benCo=false, reimbursements=[com.revature.models.Reimbursement@599af4e8]]
2021-08-08 21:28:26 TRACE S3Util:37 - Uploading file as c1c47542-66eb-4243-8118-93f5c24a40ec.txt
2021-08-08 21:32:23 TRACE CassandraUtil:16 - Establishing connection with Cassandra
2021-08-08 21:32:29 DEBUG UserController:46 - {
    "name":"Employee"
}
2021-08-08 21:32:30 DEBUG UserController:48 - User [id=null, availableReimbursement=1000, name=Employee, supervisorId=null, headId=null, benCo=false, reimbursements=[]]
2021-08-08 21:32:30 DEBUG UserController:51 - User [id=95b3dd4e-d6c6-4888-a4c7-18ecb8003619, availableReimbursement=500, name=Employee, supervisorId=746c0d82-7fe2-4779-aa3b-19457537feaf, headId=1f873ee1-bb87-41b6-9141-edd5be594b0d, benCo=false, reimbursements=[com.revature.models.Reimbursement@4814e86d]]
